3/28/14 5:32:30 PM - 10: org.apache.uima.adapter.jms.service.UIMA_Service.initialize(68): INFO: UIMA-AS version 2.4.0
3/28/14 5:32:32 PM - 10: org.apache.uima.aae.controller.BaseAnalysisEngineController.logPlatformInfo: INFO: 
+------------------------------------------------------------------
                   Starting UIMA AS Service - PID: 16277
+------------------------------------------------------------------
+ Service Name:hw2-139547-aae
+ Service Queue Name:hw3Queue
+ Service Start Time:28 Mar 2014 17:32:30 
+ UIMA AS Version:2.4.0
+ UIMA Core Version:2.4.0
+ OS Name:Mac OS X
+ OS Version:10.7.5
+ OS Architecture:x86_64
+ OS CPU Count:2
+ JVM Vendor:Apple Inc.
+ JVM Name:Java HotSpot(TM) 64-Bit Server VM
+ JVM Version:20.14-b01-447
+ JVM Input Args:[-DVNS_HOST=localhost, -DVNS_PORT=9000, -Duima.home=/Users/IBAGNOG/Desktop/apache-uima-as-2.4.0, -Duima.datapath=, -Djava.util.logging.config.file=/Users/IBAGNOG/Desktop/apache-uima-as-2.4.0/config/Logger.properties, -Duima.tools.cvd.manpath.notset, -Xms128M, -Xmx800M, -Dlog4j.configuration=file:/Users/IBAGNOG/Desktop/apache-uima-as-2.4.0/as_config/uimaAsLog4j.properties, -DUimaBootstrapSuppressClassPathDisplay, -Dorg.apache.uima.jarpath=/Users/IBAGNOG/Documents/workspace/hw3-139547/target/dependency/:/Users/IBAGNOG/Documents/workspace/hw3-139547/target/:/Users/IBAGNOG/Documents/workspace/hw3-139547/src/main/resources/::/Users/IBAGNOG/Desktop/apache-uima-as-2.4.0/examples/resources:/Users/IBAGNOG/Desktop/apache-uima-as-2.4.0/lib::/Users/IBAGNOG/Desktop/apache-uima-as-2.4.0/lib/xmlbeans:/Users/IBAGNOG/Desktop/apache-uima-as-2.4.0/apache-activemq-5.4.1:/Users/IBAGNOG/Desktop/apache-uima-as-2.4.0/apache-activemq-5.4.1/lib:/Users/IBAGNOG/Desktop/apache-uima-as-2.4.0/apache-activemq-5.4.1/lib/optional:]
+ JVM Classpath:/Users/IBAGNOG/Desktop/apache-uima-as-2.4.0/lib/uimaj-bootstrap.jar
+ JVM Loaded Jars:/Users/IBAGNOG/Desktop/apache-uima-as-2.4.0/lib/uimaj-bootstrap.jar:/Users/IBAGNOG/Documents/workspace/hw3-139547/target/dependency/activemq-all-5.4.1.jar:/Users/IBAGNOG/Documents/workspace/hw3-139547/target/dependency/aopalliance-1.0.jar:/Users/IBAGNOG/Documents/workspace/hw3-139547/target/dependency/axis-1.3.jar:/Users/IBAGNOG/Documents/workspace/hw3-139547/target/dependency/axis-jaxrpc-1.3.jar:/Users/IBAGNOG/Documents/workspace/hw3-139547/target/dependency/axis-saaj-1.3.jar:/Users/IBAGNOG/Documents/workspace/hw3-139547/target/dependency/commons-discovery-0.2.jar:/Users/IBAGNOG/Documents/workspace/hw3-139547/target/dependency/commons-logging-1.0.4.jar:/Users/IBAGNOG/Documents/workspace/hw3-139547/target/dependency/commons-pool-1.5.4.jar:/Users/IBAGNOG/Documents/workspace/hw3-139547/target/dependency/geronimo-activation_1.0.2_spec-1.2.jar:/Users/IBAGNOG/Documents/workspace/hw3-139547/target/dependency/jVinci-2.4.0.jar:/Users/IBAGNOG/Documents/workspace/hw3-139547/target/dependency/spring-aop-3.0.3.RELEASE.jar:/Users/IBAGNOG/Documents/workspace/hw3-139547/target/dependency/spring-asm-3.0.3.RELEASE.jar:/Users/IBAGNOG/Documents/workspace/hw3-139547/target/dependency/spring-beans-3.0.3.RELEASE.jar:/Users/IBAGNOG/Documents/workspace/hw3-139547/target/dependency/spring-context-3.0.3.RELEASE.jar:/Users/IBAGNOG/Documents/workspace/hw3-139547/target/dependency/spring-core-3.0.3.RELEASE.jar:/Users/IBAGNOG/Documents/workspace/hw3-139547/target/dependency/spring-expression-3.0.3.RELEASE.jar:/Users/IBAGNOG/Documents/workspace/hw3-139547/target/dependency/spring-jms-3.0.3.RELEASE.jar:/Users/IBAGNOG/Documents/workspace/hw3-139547/target/dependency/spring-tx-3.0.3.RELEASE.jar:/Users/IBAGNOG/Documents/workspace/hw3-139547/target/dependency/stax-api-1.0.1.jar:/Users/IBAGNOG/Documents/workspace/hw3-139547/target/dependency/uimaj-adapter-soap-2.4.0.jar:/Users/IBAGNOG/Documents/workspace/hw3-139547/target/dependency/uimaj-adapter-vinci-2.4.0.jar:/Users/IBAGNOG/Documents/workspace/hw3-139547/target/dependency/uimaj-as-core-2.4.0.jar:/Users/IBAGNOG/Documents/workspace/hw3-139547/target/dependency/uimaj-as-jms-2.4.0.jar:/Users/IBAGNOG/Documents/workspace/hw3-139547/target/dependency/uimaj-core-2.4.0.jar:/Users/IBAGNOG/Documents/workspace/hw3-139547/target/dependency/uimaj-cpe-2.4.0.jar:/Users/IBAGNOG/Documents/workspace/hw3-139547/target/dependency/uimaj-document-annotation-2.4.0.jar:/Users/IBAGNOG/Documents/workspace/hw3-139547/target/dependency/uimaj-examples-2.4.0.jar:/Users/IBAGNOG/Documents/workspace/hw3-139547/target/dependency/uimaj-tools-2.4.0.jar:/Users/IBAGNOG/Documents/workspace/hw3-139547/target/dependency/wsdl4j-1.5.1.jar:/Users/IBAGNOG/Documents/workspace/hw3-139547/target/dependency/xmlbeans-2.4.0.jar:/Users/IBAGNOG/Documents/workspace/hw3-139547/target/dependency/xpp3_min-1.1.4c.jar:/Users/IBAGNOG/Documents/workspace/hw3-139547/target/dependency/xstream-1.3.1.jar:/Users/IBAGNOG/Documents/workspace/hw3-139547/target/:/Users/IBAGNOG/Documents/workspace/hw3-139547/src/main/resources/:/Users/IBAGNOG/Desktop/apache-uima-as-2.4.0/examples/resources/:/Users/IBAGNOG/Desktop/apache-uima-as-2.4.0/lib/jVinci.jar:/Users/IBAGNOG/Desktop/apache-uima-as-2.4.0/lib/uima-adapter-soap.jar:/Users/IBAGNOG/Desktop/apache-uima-as-2.4.0/lib/uima-adapter-vinci.jar:/Users/IBAGNOG/Desktop/apache-uima-as-2.4.0/lib/uima-core.jar:/Users/IBAGNOG/Desktop/apache-uima-as-2.4.0/lib/uima-cpe.jar:/Users/IBAGNOG/Desktop/apache-uima-as-2.4.0/lib/uima-document-annotation.jar:/Users/IBAGNOG/Desktop/apache-uima-as-2.4.0/lib/uima-examples.jar:/Users/IBAGNOG/Desktop/apache-uima-as-2.4.0/lib/uima-tools.jar:/Users/IBAGNOG/Desktop/apache-uima-as-2.4.0/lib/uimaj-as-activemq.jar:/Users/IBAGNOG/Desktop/apache-uima-as-2.4.0/lib/uimaj-as-camel.jar:/Users/IBAGNOG/Desktop/apache-uima-as-2.4.0/lib/uimaj-as-core.jar:/Users/IBAGNOG/Desktop/apache-uima-as-2.4.0/lib/uimaj-as-jms.jar:/Users/IBAGNOG/Desktop/apache-uima-as-2.4.0/lib/xmlbeans.jar:/Users/IBAGNOG/Desktop/apache-uima-as-2.4.0/apache-activemq-5.4.1/activemq-all-5.4.1.jar:/Users/IBAGNOG/Desktop/apache-uima-as-2.4.0/apache-activemq-5.4.1/lib/activemq-camel-5.4.1.jar:/Users/IBAGNOG/Desktop/apache-uima-as-2.4.0/apache-activemq-5.4.1/lib/activemq-console-5.4.1.jar:/Users/IBAGNOG/Desktop/apache-uima-as-2.4.0/apache-activemq-5.4.1/lib/activemq-core-5.4.1.jar:/Users/IBAGNOG/Desktop/apache-uima-as-2.4.0/apache-activemq-5.4.1/lib/activemq-optional-5.4.1.jar:/Users/IBAGNOG/Desktop/apache-uima-as-2.4.0/apache-activemq-5.4.1/lib/activemq-spring-5.4.1.jar:/Users/IBAGNOG/Desktop/apache-uima-as-2.4.0/apache-activemq-5.4.1/lib/commons-logging-1.1.1.jar:/Users/IBAGNOG/Desktop/apache-uima-as-2.4.0/apache-activemq-5.4.1/lib/geronimo-j2ee-management_1.1_spec-1.0.1.jar:/Users/IBAGNOG/Desktop/apache-uima-as-2.4.0/apache-activemq-5.4.1/lib/geronimo-jms_1.1_spec-1.1.jar:/Users/IBAGNOG/Desktop/apache-uima-as-2.4.0/apache-activemq-5.4.1/lib/kahadb-5.4.1.jar:/Users/IBAGNOG/Desktop/apache-uima-as-2.4.0/apache-activemq-5.4.1/lib/spring-aop-3.0.3.RELEASE.jar:/Users/IBAGNOG/Desktop/apache-uima-as-2.4.0/apache-activemq-5.4.1/lib/spring-asm-3.0.3.RELEASE.jar:/Users/IBAGNOG/Desktop/apache-uima-as-2.4.0/apache-activemq-5.4.1/lib/spring-beans-3.0.3.RELEASE.jar:/Users/IBAGNOG/Desktop/apache-uima-as-2.4.0/apache-activemq-5.4.1/lib/spring-context-3.0.3.RELEASE.jar:/Users/IBAGNOG/Desktop/apache-uima-as-2.4.0/apache-activemq-5.4.1/lib/spring-core-3.0.3.RELEASE.jar:/Users/IBAGNOG/Desktop/apache-uima-as-2.4.0/apache-activemq-5.4.1/lib/spring-expression-3.0.3.RELEASE.jar:/Users/IBAGNOG/Desktop/apache-uima-as-2.4.0/apache-activemq-5.4.1/lib/spring-jms-3.0.3.RELEASE.jar:/Users/IBAGNOG/Desktop/apache-uima-as-2.4.0/apache-activemq-5.4.1/lib/spring-tx-3.0.3.RELEASE.jar:/Users/IBAGNOG/Desktop/apache-uima-as-2.4.0/apache-activemq-5.4.1/lib/xbean-spring-3.7.jar:/Users/IBAGNOG/Desktop/apache-uima-as-2.4.0/apache-activemq-5.4.1/lib/optional/commons-codec-1.2.jar:/Users/IBAGNOG/Desktop/apache-uima-as-2.4.0/apache-activemq-5.4.1/lib/optional/commons-httpclient-3.1.jar:/Users/IBAGNOG/Desktop/apache-uima-as-2.4.0/apache-activemq-5.4.1/lib/optional/geronimo-servlet_2.5_spec-1.2.jar:/Users/IBAGNOG/Desktop/apache-uima-as-2.4.0/apache-activemq-5.4.1/lib/optional/jetty-all-server-7.0.1.v20091125.jar:/Users/IBAGNOG/Desktop/apache-uima-as-2.4.0/apache-activemq-5.4.1/lib/optional/log4j-1.2.14.jar:/Users/IBAGNOG/Desktop/apache-uima-as-2.4.0/apache-activemq-5.4.1/lib/optional/xmlpull-1.1.3.4d_b4_min.jar:/Users/IBAGNOG/Desktop/apache-uima-as-2.4.0/apache-activemq-5.4.1/lib/optional/xstream-1.3.1.jar:
+ JVM LIB_PATH:/Users/IBAGNOG/Desktop/apache-uima-as-2.4.0/uimacpp/lib:/Users/IBAGNOG/Desktop/apache-uima-as-2.4.0/uimacpp/examples/tutorial/src:/Developer/NVIDIA/CUDA-5.0/lib::.:/Library/Java/Extensions:/System/Library/Java/Extensions:/usr/lib/java
+------------------------------------------------------------------ 
3/28/14 5:32:32 PM - 10: org.apache.uima.adapter.jms.activemq.JmsInputChannel.setEndpointName: INFO: top_level_input_queue_service_1 Service Starting - Listening for Messages 
3/28/14 5:32:32 PM - 10: org.apache.uima.adapter.jms.activemq.SpringContainerDeployer.waitForServiceNotification: INFO: Uima EE Client Blocking - Awaiting Top Level Controller Initialization Notification
3/28/14 5:32:32 PM - 11: org.apache.uima.aae.UimaAsThreadFactory$1.UimaAsThreadFactory.run(): INFO: Controller: hw2-139547-aae Initializing AE instance on Thread Id: 14
3/28/14 5:32:33 PM - 11: org.apache.uima.aae.controller.PrimitiveAnalysisEngineController_impl.initializeAnalysisEngine: WARNING: Service: hw2-139547-aae Runtime Exception  
3/28/14 5:32:33 PM - 11: org.apache.uima.aae.controller.PrimitiveAnalysisEngineController_impl.initializeAnalysisEngine: WARNING: 
org.apache.uima.resource.ResourceInitializationException: Annotator class "edu.cmu.deiis.annotators.TestElementAnnotator" was not found. (Descriptor: file:/Users/IBAGNOG/Documents/workspace/hw3-139547/src/main/resources/hw2-139547-testElementAnnotator.xml)
	at org.apache.uima.analysis_engine.impl.PrimitiveAnalysisEngine_impl.initializeAnalysisComponent(PrimitiveAnalysisEngine_impl.java:207)
	at org.apache.uima.analysis_engine.impl.PrimitiveAnalysisEngine_impl.initialize(PrimitiveAnalysisEngine_impl.java:156)
	at org.apache.uima.impl.AnalysisEngineFactory_impl.produceResource(AnalysisEngineFactory_impl.java:94)
	at org.apache.uima.impl.CompositeResourceFactory_impl.produceResource(CompositeResourceFactory_impl.java:62)
	at org.apache.uima.UIMAFramework.produceResource(UIMAFramework.java:269)
	at org.apache.uima.UIMAFramework.produceAnalysisEngine(UIMAFramework.java:387)
	at org.apache.uima.analysis_engine.asb.impl.ASB_impl.setup(ASB_impl.java:254)
	at org.apache.uima.analysis_engine.impl.AggregateAnalysisEngine_impl.initASB(AggregateAnalysisEngine_impl.java:431)
	at org.apache.uima.analysis_engine.impl.AggregateAnalysisEngine_impl.initializeAggregateAnalysisEngine(AggregateAnalysisEngine_impl.java:375)
	at org.apache.uima.analysis_engine.impl.AggregateAnalysisEngine_impl.initialize(AggregateAnalysisEngine_impl.java:185)
	at org.apache.uima.impl.AnalysisEngineFactory_impl.produceResource(AnalysisEngineFactory_impl.java:94)
	at org.apache.uima.impl.CompositeResourceFactory_impl.produceResource(CompositeResourceFactory_impl.java:62)
	at org.apache.uima.UIMAFramework.produceResource(UIMAFramework.java:269)
	at org.apache.uima.UIMAFramework.produceAnalysisEngine(UIMAFramework.java:387)
	at org.apache.uima.aae.controller.PrimitiveAnalysisEngineController_impl.initializeAnalysisEngine(PrimitiveAnalysisEngineController_impl.java:186)
	at org.apache.uima.aae.UimaAsThreadFactory$1.run(UimaAsThreadFactory.java:114)
	at java.lang.Thread.run(Thread.java:680)
Caused by: java.lang.ClassNotFoundException: edu.cmu.deiis.annotators.TestElementAnnotator
	at java.net.URLClassLoader$1.run(URLClassLoader.java:202)
	at java.security.AccessController.doPrivileged(Native Method)
	at java.net.URLClassLoader.findClass(URLClassLoader.java:190)
	at java.lang.ClassLoader.loadClass(ClassLoader.java:306)
	at sun.misc.Launcher$AppClassLoader.loadClass(Launcher.java:301)
	at java.lang.ClassLoader.loadClass(ClassLoader.java:247)
	at java.lang.Class.forName0(Native Method)
	at java.lang.Class.forName(Class.java:171)
	at org.apache.uima.analysis_engine.impl.PrimitiveAnalysisEngine_impl.initializeAnalysisComponent(PrimitiveAnalysisEngine_impl.java:204)
	... 16 more

3/28/14 5:32:33 PM - 11: org.apache.uima.adapter.jms.activemq.SpringContainerDeployer.notifyOnInitializationFailure: WARNING: Top Level Controller Initialization Exception.
org.apache.uima.resource.ResourceInitializationException: Annotator class "edu.cmu.deiis.annotators.TestElementAnnotator" was not found. (Descriptor: file:/Users/IBAGNOG/Documents/workspace/hw3-139547/src/main/resources/hw2-139547-testElementAnnotator.xml)
	at org.apache.uima.analysis_engine.impl.PrimitiveAnalysisEngine_impl.initializeAnalysisComponent(PrimitiveAnalysisEngine_impl.java:207)
	at org.apache.uima.analysis_engine.impl.PrimitiveAnalysisEngine_impl.initialize(PrimitiveAnalysisEngine_impl.java:156)
	at org.apache.uima.impl.AnalysisEngineFactory_impl.produceResource(AnalysisEngineFactory_impl.java:94)
	at org.apache.uima.impl.CompositeResourceFactory_impl.produceResource(CompositeResourceFactory_impl.java:62)
	at org.apache.uima.UIMAFramework.produceResource(UIMAFramework.java:269)
	at org.apache.uima.UIMAFramework.produceAnalysisEngine(UIMAFramework.java:387)
	at org.apache.uima.analysis_engine.asb.impl.ASB_impl.setup(ASB_impl.java:254)
	at org.apache.uima.analysis_engine.impl.AggregateAnalysisEngine_impl.initASB(AggregateAnalysisEngine_impl.java:431)
	at org.apache.uima.analysis_engine.impl.AggregateAnalysisEngine_impl.initializeAggregateAnalysisEngine(AggregateAnalysisEngine_impl.java:375)
	at org.apache.uima.analysis_engine.impl.AggregateAnalysisEngine_impl.initialize(AggregateAnalysisEngine_impl.java:185)
	at org.apache.uima.impl.AnalysisEngineFactory_impl.produceResource(AnalysisEngineFactory_impl.java:94)
	at org.apache.uima.impl.CompositeResourceFactory_impl.produceResource(CompositeResourceFactory_impl.java:62)
	at org.apache.uima.UIMAFramework.produceResource(UIMAFramework.java:269)
	at org.apache.uima.UIMAFramework.produceAnalysisEngine(UIMAFramework.java:387)
	at org.apache.uima.aae.controller.PrimitiveAnalysisEngineController_impl.initializeAnalysisEngine(PrimitiveAnalysisEngineController_impl.java:186)
	at org.apache.uima.aae.UimaAsThreadFactory$1.run(UimaAsThreadFactory.java:114)
	at java.lang.Thread.run(Thread.java:680)
Caused by: java.lang.ClassNotFoundException: edu.cmu.deiis.annotators.TestElementAnnotator
	at java.net.URLClassLoader$1.run(URLClassLoader.java:202)
	at java.security.AccessController.doPrivileged(Native Method)
	at java.net.URLClassLoader.findClass(URLClassLoader.java:190)
	at java.lang.ClassLoader.loadClass(ClassLoader.java:306)
	at sun.misc.Launcher$AppClassLoader.loadClass(Launcher.java:301)
	at java.lang.ClassLoader.loadClass(ClassLoader.java:247)
	at java.lang.Class.forName0(Native Method)
	at java.lang.Class.forName(Class.java:171)
	at org.apache.uima.analysis_engine.impl.PrimitiveAnalysisEngine_impl.initializeAnalysisComponent(PrimitiveAnalysisEngine_impl.java:204)
	... 16 more

3/28/14 5:32:33 PM - 11: org.apache.uima.adapter.jms.activemq.SpringContainerDeployer.notifyOnInitializationFailure: WARNING: Top Level Controller Initialization Exception.
org.apache.uima.resource.ResourceInitializationException: Annotator class "edu.cmu.deiis.annotators.TestElementAnnotator" was not found. (Descriptor: file:/Users/IBAGNOG/Documents/workspace/hw3-139547/src/main/resources/hw2-139547-testElementAnnotator.xml)
	at org.apache.uima.analysis_engine.impl.PrimitiveAnalysisEngine_impl.initializeAnalysisComponent(PrimitiveAnalysisEngine_impl.java:207)
	at org.apache.uima.analysis_engine.impl.PrimitiveAnalysisEngine_impl.initialize(PrimitiveAnalysisEngine_impl.java:156)
	at org.apache.uima.impl.AnalysisEngineFactory_impl.produceResource(AnalysisEngineFactory_impl.java:94)
	at org.apache.uima.impl.CompositeResourceFactory_impl.produceResource(CompositeResourceFactory_impl.java:62)
	at org.apache.uima.UIMAFramework.produceResource(UIMAFramework.java:269)
	at org.apache.uima.UIMAFramework.produceAnalysisEngine(UIMAFramework.java:387)
	at org.apache.uima.analysis_engine.asb.impl.ASB_impl.setup(ASB_impl.java:254)
	at org.apache.uima.analysis_engine.impl.AggregateAnalysisEngine_impl.initASB(AggregateAnalysisEngine_impl.java:431)
	at org.apache.uima.analysis_engine.impl.AggregateAnalysisEngine_impl.initializeAggregateAnalysisEngine(AggregateAnalysisEngine_impl.java:375)
	at org.apache.uima.analysis_engine.impl.AggregateAnalysisEngine_impl.initialize(AggregateAnalysisEngine_impl.java:185)
	at org.apache.uima.impl.AnalysisEngineFactory_impl.produceResource(AnalysisEngineFactory_impl.java:94)
	at org.apache.uima.impl.CompositeResourceFactory_impl.produceResource(CompositeResourceFactory_impl.java:62)
	at org.apache.uima.UIMAFramework.produceResource(UIMAFramework.java:269)
	at org.apache.uima.UIMAFramework.produceAnalysisEngine(UIMAFramework.java:387)
	at org.apache.uima.aae.controller.PrimitiveAnalysisEngineController_impl.initializeAnalysisEngine(PrimitiveAnalysisEngineController_impl.java:186)
	at org.apache.uima.aae.UimaAsThreadFactory$1.run(UimaAsThreadFactory.java:114)
	at java.lang.Thread.run(Thread.java:680)
Caused by: java.lang.ClassNotFoundException: edu.cmu.deiis.annotators.TestElementAnnotator
	at java.net.URLClassLoader$1.run(URLClassLoader.java:202)
	at java.security.AccessController.doPrivileged(Native Method)
	at java.net.URLClassLoader.findClass(URLClassLoader.java:190)
	at java.lang.ClassLoader.loadClass(ClassLoader.java:306)
	at sun.misc.Launcher$AppClassLoader.loadClass(Launcher.java:301)
	at java.lang.ClassLoader.loadClass(ClassLoader.java:247)
	at java.lang.Class.forName0(Native Method)
	at java.lang.Class.forName(Class.java:171)
	at org.apache.uima.analysis_engine.impl.PrimitiveAnalysisEngine_impl.initializeAnalysisComponent(PrimitiveAnalysisEngine_impl.java:204)
	... 16 more

3/28/14 5:32:33 PM - 11: org.apache.uima.aae.UimaAsThreadFactory$1.UimaAsThreadFactory.run(): INFO: Controller: hw2-139547-aae --------------- Process Thread ID:14 EXITING
3/28/14 5:32:33 PM - 11: org.apache.uima.aae.UimaAsThreadFactory$1.UimaAsThreadFactory.run(): INFO: Controller: hw2-139547-aae --------------- AE destroy() Method Call Returned ID:14
3/28/14 5:32:33 PM - 10: org.apache.uima.adapter.jms.activemq.SpringContainerDeployer.initializeContainer: WARNING: 
org.apache.uima.resource.ResourceInitializationException: Annotator class "edu.cmu.deiis.annotators.TestElementAnnotator" was not found. (Descriptor: file:/Users/IBAGNOG/Documents/workspace/hw3-139547/src/main/resources/hw2-139547-testElementAnnotator.xml)
	at org.apache.uima.adapter.jms.activemq.SpringContainerDeployer.waitForServiceNotification(SpringContainerDeployer.java:516)
	at org.apache.uima.adapter.jms.activemq.SpringContainerDeployer.initializeContainer(SpringContainerDeployer.java:301)
	at org.apache.uima.adapter.jms.activemq.SpringContainerDeployer.deploy(SpringContainerDeployer.java:461)
	at org.apache.uima.adapter.jms.service.UIMA_Service.deploy(UIMA_Service.java:168)
	at org.apache.uima.adapter.jms.service.UIMA_Service.main(UIMA_Service.java:414)
	at sun.reflect.NativeMethodAccessorImpl.invoke0(Native Method)
	at sun.reflect.NativeMethodAccessorImpl.invoke(NativeMethodAccessorImpl.java:39)
	at sun.reflect.DelegatingMethodAccessorImpl.invoke(DelegatingMethodAccessorImpl.java:25)
	at java.lang.reflect.Method.invoke(Method.java:597)
	at org.apache.uima.bootstrap.UimaBootstrap.main(UimaBootstrap.java:98)
Caused by: org.apache.uima.resource.ResourceInitializationException: Annotator class "edu.cmu.deiis.annotators.TestElementAnnotator" was not found. (Descriptor: file:/Users/IBAGNOG/Documents/workspace/hw3-139547/src/main/resources/hw2-139547-testElementAnnotator.xml)
	at org.apache.uima.analysis_engine.impl.PrimitiveAnalysisEngine_impl.initializeAnalysisComponent(PrimitiveAnalysisEngine_impl.java:207)
	at org.apache.uima.analysis_engine.impl.PrimitiveAnalysisEngine_impl.initialize(PrimitiveAnalysisEngine_impl.java:156)
	at org.apache.uima.impl.AnalysisEngineFactory_impl.produceResource(AnalysisEngineFactory_impl.java:94)
	at org.apache.uima.impl.CompositeResourceFactory_impl.produceResource(CompositeResourceFactory_impl.java:62)
	at org.apache.uima.UIMAFramework.produceResource(UIMAFramework.java:269)
	at org.apache.uima.UIMAFramework.produceAnalysisEngine(UIMAFramework.java:387)
	at org.apache.uima.analysis_engine.asb.impl.ASB_impl.setup(ASB_impl.java:254)
	at org.apache.uima.analysis_engine.impl.AggregateAnalysisEngine_impl.initASB(AggregateAnalysisEngine_impl.java:431)
	at org.apache.uima.analysis_engine.impl.AggregateAnalysisEngine_impl.initializeAggregateAnalysisEngine(AggregateAnalysisEngine_impl.java:375)
	at org.apache.uima.analysis_engine.impl.AggregateAnalysisEngine_impl.initialize(AggregateAnalysisEngine_impl.java:185)
	at org.apache.uima.impl.AnalysisEngineFactory_impl.produceResource(AnalysisEngineFactory_impl.java:94)
	at org.apache.uima.impl.CompositeResourceFactory_impl.produceResource(CompositeResourceFactory_impl.java:62)
	at org.apache.uima.UIMAFramework.produceResource(UIMAFramework.java:269)
	at org.apache.uima.UIMAFramework.produceAnalysisEngine(UIMAFramework.java:387)
	at org.apache.uima.aae.controller.PrimitiveAnalysisEngineController_impl.initializeAnalysisEngine(PrimitiveAnalysisEngineController_impl.java:186)
	at org.apache.uima.aae.UimaAsThreadFactory$1.run(UimaAsThreadFactory.java:114)
	at java.lang.Thread.run(Thread.java:680)
Caused by: java.lang.ClassNotFoundException: edu.cmu.deiis.annotators.TestElementAnnotator
	at java.net.URLClassLoader$1.run(URLClassLoader.java:202)
	at java.security.AccessController.doPrivileged(Native Method)
	at java.net.URLClassLoader.findClass(URLClassLoader.java:190)
	at java.lang.ClassLoader.loadClass(ClassLoader.java:306)
	at sun.misc.Launcher$AppClassLoader.loadClass(Launcher.java:301)
	at java.lang.ClassLoader.loadClass(ClassLoader.java:247)
	at java.lang.Class.forName0(Native Method)
	at java.lang.Class.forName(Class.java:171)
	at org.apache.uima.analysis_engine.impl.PrimitiveAnalysisEngine_impl.initializeAnalysisComponent(PrimitiveAnalysisEngine_impl.java:204)
	... 16 more

3/28/14 5:32:33 PM - 10: org.apache.uima.aae.controller.PrimitiveAnalysisEngineController_impl.terminate: INFO: Controller: hw2-139547-aae Received Terminate Event
3/28/14 5:32:33 PM - 10: org.apache.uima.adapter.jms.activemq.JmsInputChannel.stopChannel: INFO: Stopping Service JMS Transport. Service: hw3Queue ShutdownNow true
3/28/14 5:32:33 PM - 12: org.apache.uima.adapter.jms.activemq.UimaDefaultMessageListenerContainer$3.destroy: WARNING: 
org.springframework.jms.listener.AbstractJmsListeningContainer$SharedConnectionNotInitializedException: This listener container's shared Connection has not been initialized yet
	at org.springframework.jms.listener.AbstractJmsListeningContainer.getSharedConnection(AbstractJmsListeningContainer.java:483)
	at org.apache.uima.adapter.jms.activemq.UimaDefaultMessageListenerContainer.access$2000(UimaDefaultMessageListenerContainer.java:69)
	at org.apache.uima.adapter.jms.activemq.UimaDefaultMessageListenerContainer$3.run(UimaDefaultMessageListenerContainer.java:1010)

3/28/14 5:32:33 PM - 10: org.apache.uima.adapter.jms.activemq.JmsInputChannel.stopChannel: INFO: Controller: hw2-139547-aae Stopped Listener on Endpoint: queue://hw3Queue Selector:  Selector:Command=2000 OR Command=2002. 
3/28/14 5:32:33 PM - 10: org.apache.uima.adapter.jms.activemq.JmsInputChannel.stopChannel: INFO: Stopping Service JMS Transport. Service: hw3Queue ShutdownNow true
3/28/14 5:32:33 PM - 13: org.apache.uima.adapter.jms.activemq.UimaDefaultMessageListenerContainer$3.destroy: WARNING: 
org.springframework.jms.listener.AbstractJmsListeningContainer$SharedConnectionNotInitializedException: This listener container's shared Connection has not been initialized yet
	at org.springframework.jms.listener.AbstractJmsListeningContainer.getSharedConnection(AbstractJmsListeningContainer.java:483)
	at org.apache.uima.adapter.jms.activemq.UimaDefaultMessageListenerContainer.access$2000(UimaDefaultMessageListenerContainer.java:69)
	at org.apache.uima.adapter.jms.activemq.UimaDefaultMessageListenerContainer$3.run(UimaDefaultMessageListenerContainer.java:1010)

3/28/14 5:32:33 PM - 10: org.apache.uima.adapter.jms.activemq.JmsInputChannel.stopChannel: INFO: Controller: hw2-139547-aae Stopped Listener on Endpoint: queue://hw3Queue Selector:  Selector:Command=2001. 
3/28/14 5:32:33 PM - 10: org.apache.uima.aae.controller.PrimitiveAnalysisEngineController_impl.stop: INFO: Stopping Controller: hw2-139547-aae
3/28/14 5:32:33 PM - 10: org.apache.uima.adapter.jms.activemq.JmsOutputChannel.stop: INFO: Controller: hw3Queue Output Channel Shutdown Completed
3/28/14 5:32:33 PM - 10: org.apache.uima.aae.controller.PrimitiveAnalysisEngineController_impl.stop: INFO: Controller: hw2-139547-aae has stopped
3/28/14 5:32:33 PM - 10: org.apache.uima.adapter.jms.activemq.SpringContainerDeployer.deploy: WARNING: 
org.apache.uima.resource.ResourceInitializationException: Annotator class "edu.cmu.deiis.annotators.TestElementAnnotator" was not found. (Descriptor: file:/Users/IBAGNOG/Documents/workspace/hw3-139547/src/main/resources/hw2-139547-testElementAnnotator.xml)
	at org.apache.uima.adapter.jms.activemq.SpringContainerDeployer.waitForServiceNotification(SpringContainerDeployer.java:516)
	at org.apache.uima.adapter.jms.activemq.SpringContainerDeployer.initializeContainer(SpringContainerDeployer.java:301)
	at org.apache.uima.adapter.jms.activemq.SpringContainerDeployer.deploy(SpringContainerDeployer.java:461)
	at org.apache.uima.adapter.jms.service.UIMA_Service.deploy(UIMA_Service.java:168)
	at org.apache.uima.adapter.jms.service.UIMA_Service.main(UIMA_Service.java:414)
	at sun.reflect.NativeMethodAccessorImpl.invoke0(Native Method)
	at sun.reflect.NativeMethodAccessorImpl.invoke(NativeMethodAccessorImpl.java:39)
	at sun.reflect.DelegatingMethodAccessorImpl.invoke(DelegatingMethodAccessorImpl.java:25)
	at java.lang.reflect.Method.invoke(Method.java:597)
	at org.apache.uima.bootstrap.UimaBootstrap.main(UimaBootstrap.java:98)
Caused by: org.apache.uima.resource.ResourceInitializationException: Annotator class "edu.cmu.deiis.annotators.TestElementAnnotator" was not found. (Descriptor: file:/Users/IBAGNOG/Documents/workspace/hw3-139547/src/main/resources/hw2-139547-testElementAnnotator.xml)
	at org.apache.uima.analysis_engine.impl.PrimitiveAnalysisEngine_impl.initializeAnalysisComponent(PrimitiveAnalysisEngine_impl.java:207)
	at org.apache.uima.analysis_engine.impl.PrimitiveAnalysisEngine_impl.initialize(PrimitiveAnalysisEngine_impl.java:156)
	at org.apache.uima.impl.AnalysisEngineFactory_impl.produceResource(AnalysisEngineFactory_impl.java:94)
	at org.apache.uima.impl.CompositeResourceFactory_impl.produceResource(CompositeResourceFactory_impl.java:62)
	at org.apache.uima.UIMAFramework.produceResource(UIMAFramework.java:269)
	at org.apache.uima.UIMAFramework.produceAnalysisEngine(UIMAFramework.java:387)
	at org.apache.uima.analysis_engine.asb.impl.ASB_impl.setup(ASB_impl.java:254)
	at org.apache.uima.analysis_engine.impl.AggregateAnalysisEngine_impl.initASB(AggregateAnalysisEngine_impl.java:431)
	at org.apache.uima.analysis_engine.impl.AggregateAnalysisEngine_impl.initializeAggregateAnalysisEngine(AggregateAnalysisEngine_impl.java:375)
	at org.apache.uima.analysis_engine.impl.AggregateAnalysisEngine_impl.initialize(AggregateAnalysisEngine_impl.java:185)
	at org.apache.uima.impl.AnalysisEngineFactory_impl.produceResource(AnalysisEngineFactory_impl.java:94)
	at org.apache.uima.impl.CompositeResourceFactory_impl.produceResource(CompositeResourceFactory_impl.java:62)
	at org.apache.uima.UIMAFramework.produceResource(UIMAFramework.java:269)
	at org.apache.uima.UIMAFramework.produceAnalysisEngine(UIMAFramework.java:387)
	at org.apache.uima.aae.controller.PrimitiveAnalysisEngineController_impl.initializeAnalysisEngine(PrimitiveAnalysisEngineController_impl.java:186)
	at org.apache.uima.aae.UimaAsThreadFactory$1.run(UimaAsThreadFactory.java:114)
	at java.lang.Thread.run(Thread.java:680)
Caused by: java.lang.ClassNotFoundException: edu.cmu.deiis.annotators.TestElementAnnotator
	at java.net.URLClassLoader$1.run(URLClassLoader.java:202)
	at java.security.AccessController.doPrivileged(Native Method)
	at java.net.URLClassLoader.findClass(URLClassLoader.java:190)
	at java.lang.ClassLoader.loadClass(ClassLoader.java:306)
	at sun.misc.Launcher$AppClassLoader.loadClass(Launcher.java:301)
	at java.lang.ClassLoader.loadClass(ClassLoader.java:247)
	at java.lang.Class.forName0(Native Method)
	at java.lang.Class.forName(Class.java:171)
	at org.apache.uima.analysis_engine.impl.PrimitiveAnalysisEngine_impl.initializeAnalysisComponent(PrimitiveAnalysisEngine_impl.java:204)
	... 16 more

3/28/14 5:32:33 PM - 10: org.apache.uima.adapter.jms.service.UIMA_Service.main: WARNING: 
org.apache.uima.resource.ResourceInitializationException: Annotator class "edu.cmu.deiis.annotators.TestElementAnnotator" was not found. (Descriptor: file:/Users/IBAGNOG/Documents/workspace/hw3-139547/src/main/resources/hw2-139547-testElementAnnotator.xml)
	at org.apache.uima.adapter.jms.activemq.SpringContainerDeployer.waitForServiceNotification(SpringContainerDeployer.java:516)
	at org.apache.uima.adapter.jms.activemq.SpringContainerDeployer.initializeContainer(SpringContainerDeployer.java:301)
	at org.apache.uima.adapter.jms.activemq.SpringContainerDeployer.deploy(SpringContainerDeployer.java:461)
	at org.apache.uima.adapter.jms.service.UIMA_Service.deploy(UIMA_Service.java:168)
	at org.apache.uima.adapter.jms.service.UIMA_Service.main(UIMA_Service.java:414)
	at sun.reflect.NativeMethodAccessorImpl.invoke0(Native Method)
	at sun.reflect.NativeMethodAccessorImpl.invoke(NativeMethodAccessorImpl.java:39)
	at sun.reflect.DelegatingMethodAccessorImpl.invoke(DelegatingMethodAccessorImpl.java:25)
	at java.lang.reflect.Method.invoke(Method.java:597)
	at org.apache.uima.bootstrap.UimaBootstrap.main(UimaBootstrap.java:98)
Caused by: org.apache.uima.resource.ResourceInitializationException: Annotator class "edu.cmu.deiis.annotators.TestElementAnnotator" was not found. (Descriptor: file:/Users/IBAGNOG/Documents/workspace/hw3-139547/src/main/resources/hw2-139547-testElementAnnotator.xml)
	at org.apache.uima.analysis_engine.impl.PrimitiveAnalysisEngine_impl.initializeAnalysisComponent(PrimitiveAnalysisEngine_impl.java:207)
	at org.apache.uima.analysis_engine.impl.PrimitiveAnalysisEngine_impl.initialize(PrimitiveAnalysisEngine_impl.java:156)
	at org.apache.uima.impl.AnalysisEngineFactory_impl.produceResource(AnalysisEngineFactory_impl.java:94)
	at org.apache.uima.impl.CompositeResourceFactory_impl.produceResource(CompositeResourceFactory_impl.java:62)
	at org.apache.uima.UIMAFramework.produceResource(UIMAFramework.java:269)
	at org.apache.uima.UIMAFramework.produceAnalysisEngine(UIMAFramework.java:387)
	at org.apache.uima.analysis_engine.asb.impl.ASB_impl.setup(ASB_impl.java:254)
	at org.apache.uima.analysis_engine.impl.AggregateAnalysisEngine_impl.initASB(AggregateAnalysisEngine_impl.java:431)
	at org.apache.uima.analysis_engine.impl.AggregateAnalysisEngine_impl.initializeAggregateAnalysisEngine(AggregateAnalysisEngine_impl.java:375)
	at org.apache.uima.analysis_engine.impl.AggregateAnalysisEngine_impl.initialize(AggregateAnalysisEngine_impl.java:185)
	at org.apache.uima.impl.AnalysisEngineFactory_impl.produceResource(AnalysisEngineFactory_impl.java:94)
	at org.apache.uima.impl.CompositeResourceFactory_impl.produceResource(CompositeResourceFactory_impl.java:62)
	at org.apache.uima.UIMAFramework.produceResource(UIMAFramework.java:269)
	at org.apache.uima.UIMAFramework.produceAnalysisEngine(UIMAFramework.java:387)
	at org.apache.uima.aae.controller.PrimitiveAnalysisEngineController_impl.initializeAnalysisEngine(PrimitiveAnalysisEngineController_impl.java:186)
	at org.apache.uima.aae.UimaAsThreadFactory$1.run(UimaAsThreadFactory.java:114)
	at java.lang.Thread.run(Thread.java:680)
Caused by: java.lang.ClassNotFoundException: edu.cmu.deiis.annotators.TestElementAnnotator
	at java.net.URLClassLoader$1.run(URLClassLoader.java:202)
	at java.security.AccessController.doPrivileged(Native Method)
	at java.net.URLClassLoader.findClass(URLClassLoader.java:190)
	at java.lang.ClassLoader.loadClass(ClassLoader.java:306)
	at sun.misc.Launcher$AppClassLoader.loadClass(Launcher.java:301)
	at java.lang.ClassLoader.loadClass(ClassLoader.java:247)
	at java.lang.Class.forName0(Native Method)
	at java.lang.Class.forName(Class.java:171)
	at org.apache.uima.analysis_engine.impl.PrimitiveAnalysisEngine_impl.initializeAnalysisComponent(PrimitiveAnalysisEngine_impl.java:204)
	... 16 more

